beagle.27Jun16.b16.jar (version 4.1)
Copyright (C) 2014-2015 Brian L. Browning
Enter "java -jar beagle.27Jun16.b16.jar" for a summary of command line arguments.
Start time: 01:47 AM EDT on 27 Mar 2020

Command line: java -Xmx7111m -jar beagle.jar
  gt=data/1958BC_g1k.MHC.QC.vcf.gz
  ref=/medpop/srlab/yang/GitHub/MakeReference_v2/1000G.bglv4.bgl.phased.vcf.gz
  impute=true
  gprobs=true
  nthreads=16
  chrom=6
  niterations=5
  lowmem=true
  out=data/1958BC_g1k.bgl.phased

No genetic map is specified: using 1 cM = 1 Mb

reference samples:    2504
target samples:         10

Window 1 [ 6:27967817-32374131 ]
reference markers:   50000
target markers:       1023

Starting burn-in iterations

Window=1 Iteration=1
Time for building model:         12 seconds
Time for sampling (singles):     0 seconds
DAG statistics
mean edges/level: 310    max edges/level: 471
mean edges/node:  1.059  mean count/edge: 16

Window=1 Iteration=2
Time for building model:         12 seconds
Time for sampling (singles):     0 seconds
DAG statistics
mean edges/level: 319    max edges/level: 509
mean edges/node:  1.048  mean count/edge: 16

Window=1 Iteration=3
Time for building model:         10 seconds
Time for sampling (singles):     0 seconds
DAG statistics
mean edges/level: 314    max edges/level: 475
mean edges/node:  1.048  mean count/edge: 16

Window=1 Iteration=4
Time for building model:         10 seconds
Time for sampling (singles):     0 seconds
DAG statistics
mean edges/level: 322    max edges/level: 499
mean edges/node:  1.047  mean count/edge: 16

Window=1 Iteration=5
Time for building model:         11 seconds
Time for sampling (singles):     0 seconds
DAG statistics
mean edges/level: 313    max edges/level: 478
mean edges/node:  1.048  mean count/edge: 16

Window=1 Iteration=6
Time for building model:         12 seconds
Time for sampling (singles):     0 seconds
DAG statistics
mean edges/level: 318    max edges/level: 496
mean edges/node:  1.047  mean count/edge: 16

Window=1 Iteration=7
Time for building model:         9 seconds
Time for sampling (singles):     0 seconds
DAG statistics
mean edges/level: 319    max edges/level: 478
mean edges/node:  1.047  mean count/edge: 16

Window=1 Iteration=8
Time for building model:         10 seconds
Time for sampling (singles):     0 seconds
DAG statistics
mean edges/level: 320    max edges/level: 506
mean edges/node:  1.047  mean count/edge: 16

Window=1 Iteration=9
Time for building model:         12 seconds
Time for sampling (singles):     0 seconds
DAG statistics
mean edges/level: 313    max edges/level: 492
mean edges/node:  1.048  mean count/edge: 16

Window=1 Iteration=10
Time for building model:         12 seconds
Time for sampling (singles):     0 seconds
DAG statistics
mean edges/level: 323    max edges/level: 491
mean edges/node:  1.047  mean count/edge: 16

Starting phasing iterations

Window=1 Iteration=11
Time for building model:         12 seconds
Time for sampling (singles):     2 seconds
DAG statistics
mean edges/level: 313    max edges/level: 478
mean edges/node:  1.048  mean count/edge: 16

Window=1 Iteration=12
Time for building model:         11 seconds
Time for sampling (singles):     1 second
DAG statistics
mean edges/level: 320    max edges/level: 516
mean edges/node:  1.047  mean count/edge: 16

Window=1 Iteration=13
Time for building model:         12 seconds
Time for sampling (singles):     1 second
DAG statistics
mean edges/level: 314    max edges/level: 470
mean edges/node:  1.047  mean count/edge: 16

Window=1 Iteration=14
Time for building model:         12 seconds
Time for sampling (singles):     1 second
DAG statistics
mean edges/level: 324    max edges/level: 494
mean edges/node:  1.047  mean count/edge: 16

Window=1 Iteration=15
Time for building model:         12 seconds
Time for sampling (singles):     1 second
DAG statistics
mean edges/level: 314    max edges/level: 473
mean edges/node:  1.048  mean count/edge: 16

Imputation time (this window): 4 seconds

Window 2 [ 6:32179709-33967454 ]
reference markers:   41279
target markers:        375

Starting burn-in iterations

Window=2 Iteration=1
Time for building model:         3 seconds
Time for sampling (singles):     0 seconds
DAG statistics
mean edges/level: 249    max edges/level: 409
mean edges/node:  1.111  mean count/edge: 20

Window=2 Iteration=2
Time for building model:         4 seconds
Time for sampling (singles):     0 seconds
DAG statistics
mean edges/level: 254    max edges/level: 422
mean edges/node:  1.097  mean count/edge: 20

Window=2 Iteration=3
Time for building model:         3 seconds
Time for sampling (singles):     0 seconds
DAG statistics
mean edges/level: 253    max edges/level: 423
mean edges/node:  1.096  mean count/edge: 20

Window=2 Iteration=4
Time for building model:         4 seconds
Time for sampling (singles):     0 seconds
DAG statistics
mean edges/level: 256    max edges/level: 421
mean edges/node:  1.095  mean count/edge: 20

Window=2 Iteration=5
Time for building model:         3 seconds
Time for sampling (singles):     0 seconds
DAG statistics
mean edges/level: 251    max edges/level: 422
mean edges/node:  1.097  mean count/edge: 20

Window=2 Iteration=6
Time for building model:         4 seconds
Time for sampling (singles):     0 seconds
DAG statistics
mean edges/level: 256    max edges/level: 414
mean edges/node:  1.096  mean count/edge: 20

Window=2 Iteration=7
Time for building model:         3 seconds
Time for sampling (singles):     0 seconds
DAG statistics
mean edges/level: 253    max edges/level: 432
mean edges/node:  1.097  mean count/edge: 20

Window=2 Iteration=8
Time for building model:         4 seconds
Time for sampling (singles):     0 seconds
DAG statistics
mean edges/level: 253    max edges/level: 423
mean edges/node:  1.096  mean count/edge: 20

Window=2 Iteration=9
Time for building model:         3 seconds
Time for sampling (singles):     0 seconds
DAG statistics
mean edges/level: 255    max edges/level: 441
mean edges/node:  1.094  mean count/edge: 20

Window=2 Iteration=10
Time for building model:         4 seconds
Time for sampling (singles):     0 seconds
DAG statistics
mean edges/level: 255    max edges/level: 417
mean edges/node:  1.095  mean count/edge: 20

Starting phasing iterations

Window=2 Iteration=11
Time for building model:         3 seconds
Time for sampling (singles):     1 second
DAG statistics
mean edges/level: 255    max edges/level: 422
mean edges/node:  1.094  mean count/edge: 20

Window=2 Iteration=12
Time for building model:         4 seconds
Time for sampling (singles):     1 second
DAG statistics
mean edges/level: 257    max edges/level: 428
mean edges/node:  1.096  mean count/edge: 20

Window=2 Iteration=13
Time for building model:         3 seconds
Time for sampling (singles):     1 second
DAG statistics
mean edges/level: 253    max edges/level: 415
mean edges/node:  1.095  mean count/edge: 20

Window=2 Iteration=14
Time for building model:         4 seconds
Time for sampling (singles):     1 second
DAG statistics
mean edges/level: 256    max edges/level: 415
mean edges/node:  1.094  mean count/edge: 20

Window=2 Iteration=15
Time for building model:         4 seconds
Time for sampling (singles):     1 second
DAG statistics
mean edges/level: 252    max edges/level: 419
mean edges/node:  1.095  mean count/edge: 20

Imputation time (this window): 4 seconds

Number of reference markers:     88279
Number of target markers:         1293
Total time for building model: 3 minutes 42 seconds
Total time for sampling:       9 seconds
Total time for imputation:     8 seconds
Total run time:                4 minutes 13 seconds

End time: 01:51 AM EDT on 27 Mar 2020
beagle.27Jun16.b16.jar (version 4.1) finished
