PLINK v1.90b3w 64-bit (3 Sep 2015)
Options in effect:
  --allow-no-sex
  --ci 0.95
  --linear hide-covar beta
  --out Myassoc/IMPUTED.1958BC.rev_map
  --pheno HLAassoc/example/1958BC.phe
  --pheno-name p2
  --vcf Myassoc/IMPUTED.1958BC.rev_map.rev_mapped.vcf.gz

Hostname: piglet
Working directory: /medpop/srlab/yang/GitHub/HLA-TAPAS
Start time: Sat Jul 25 23:08:17 2020

Random number seed: 1595732897
258298 MB RAM detected; reserving 129149 MB for main workspace.
--vcf: Myassoc/IMPUTED.1958BC.rev_map-temporary.bed +
Myassoc/IMPUTED.1958BC.rev_map-temporary.bim +
Myassoc/IMPUTED.1958BC.rev_map-temporary.fam written.
14474 variants loaded from .bim file.
10 people (0 males, 0 females, 10 ambiguous) loaded from .fam.
Ambiguous sex IDs written to Myassoc/IMPUTED.1958BC.rev_map.nosex .
10 phenotype values present after --pheno.
Using 1 thread.
Warning: This run includes BLAS/LAPACK linear algebra operations which
currently disregard the --threads limit.  If this is problematic, you may want
to recompile against single-threaded BLAS/LAPACK.
Before main variant filters, 10 founders and 0 nonfounders present.
Calculating allele frequencies... done.
14474 variants and 10 people pass filters and QC.
Phenotype data is quantitative.
Writing linear model association results to
Myassoc/IMPUTED.1958BC.rev_map.assoc.linear ... done.

End time: Sat Jul 25 23:08:17 2020
