PLINK v1.90b3w 64-bit (3 Sep 2015)
Options in effect:
  --allow-no-sex
  --ci 0.95
  --double-id
  --logistic hide-covar
  --out Myassoc/IMPUTED.1958BC
  --pheno HLAassoc/example/1958BC.phe
  --pheno-name p1
  --vcf HLAassoc/example/IMPUTED.1958BC.bgl.phased.vcf.gz

Hostname: cn004.research.partners.org
Working directory: /data/srlab2/yang/GitHub/HLA-TAPAS
Start time: Mon Nov 15 16:53:06 2021

Random number seed: 1637013186
128936 MB RAM detected; reserving 64468 MB for main workspace.
Allocated 4839 MB successfully, after larger attempt(s) failed.
--vcf: Myassoc/IMPUTED.1958BC-temporary.bed +
Myassoc/IMPUTED.1958BC-temporary.bim + Myassoc/IMPUTED.1958BC-temporary.fam
written.
14474 variants loaded from .bim file.
10 people (0 males, 0 females, 10 ambiguous) loaded from .fam.
Ambiguous sex IDs written to Myassoc/IMPUTED.1958BC.nosex .
10 phenotype values present after --pheno.
Using 1 thread (no multithreaded calculations invoked.
Before main variant filters, 10 founders and 0 nonfounders present.
Calculating allele frequencies... done.
14474 variants and 10 people pass filters and QC.
Among remaining phenotypes, 6 are cases and 4 are controls.
Writing logistic model association results to
Myassoc/IMPUTED.1958BC.assoc.logistic ... done.

End time: Mon Nov 15 16:53:06 2021
