Before: HLA_A*01:01:01:01 => After: HLA_A*01:01:01G
Before: HLA_A*02:01:01:01 => After: HLA_A*02:01:01G
Before: HLA_A*02:05:01:01 => After: HLA_A*02:05:01G
Before: HLA_A*02:06:01:01 => After: HLA_A*02:06:01G
Before: HLA_A*03:01:01:01 => After: HLA_A*03:01:01G
Before: HLA_A*11:01:01:01 => After: HLA_A*11:01:01G
Before: HLA_A*23:01:01:01 => After: HLA_A*23:01:01G
Before: HLA_A*24:02:01:01 => After: HLA_A*24:02:01G
Before: HLA_A*24:03:01:01 => After: HLA_A*24:03:01G
Before: HLA_A*25:01:01:01 => After: HLA_A*25:01:01G
Before: HLA_A*26:01:01:01 => After: HLA_A*26:01:01G
Before: HLA_A*29:02:01:01 => After: HLA_A*29:02:01G
Before: HLA_A*30:01:01 => After: HLA_A*30:01:01G
Before: HLA_A*30:02:01:01 => After: HLA_A*30:02:01G
Before: HLA_A*31:01:02:01 => After: HLA_A*31:01:02G
Before: HLA_A*32:01:01:01 => After: HLA_A*32:01:01G
Before: HLA_A*68:01:01:01 => After: HLA_A*68:01:01G
Before: HLA_C*01:02:01:01 => After: HLA_C*01:02:01G
Before: HLA_C*03:02:01 => After: HLA_C*03:02:01G
Before: HLA_C*03:03:01:01 => After: HLA_C*03:03:01G
Before: HLA_C*03:04:01:01 => After: HLA_C*03:04:01G
Before: HLA_C*04:01:01:01 => After: HLA_C*04:01:01G
Before: HLA_C*05:01:01:01 => After: HLA_C*05:01:01G
Before: HLA_C*06:02:01:01 => After: HLA_C*06:02:01G
Before: HLA_C*07:01:01:01 => After: HLA_C*07:01:01G
Before: HLA_C*07:02:01:01 => After: HLA_C*07:02:01G
Before: HLA_C*07:04:01:01 => After: HLA_C*07:04:01G
Before: HLA_C*08:02:01:01 => After: HLA_C*08:02:01G
Before: HLA_C*12:02:01 => After: HLA_C*12:02:01G
Before: HLA_C*12:03:01:01 => After: HLA_C*12:03:01G
Before: HLA_C*14:02:01:01 => After: HLA_C*14:02:01G
Before: HLA_C*15:02:01:01 => After: HLA_C*15:02:01G
Before: HLA_C*16:01:01:01 => After: HLA_C*16:01:01G
Before: HLA_C*17:01:01:02 => After: HLA_C*17:01:01G
Before: HLA_B*07:02:01:01 => After: HLA_B*07:02:01G
Before: HLA_B*08:01:01:01 => After: HLA_B*08:01:01G
Before: HLA_B*13:02:01:01 => After: HLA_B*13:02:01G
Before: HLA_B*14:01:01:01 => After: HLA_B*14:01:01G
Before: HLA_B*14:02:01:01 => After: HLA_B*14:02:01G
Before: HLA_B*15:01:01:01 => After: HLA_B*15:01:01G
Before: HLA_B*18:01:01:01 => After: HLA_B*18:01:01G
Before: HLA_B*27:05:02:01 => After: HLA_B*27:05:02G
Before: HLA_B*35:01:01:01 => After: HLA_B*35:01:01G
Before: HLA_B*35:03:01:01 => After: HLA_B*35:03:01G
Before: HLA_B*37:01:01:01 => After: HLA_B*37:01:01G
Before: HLA_B*38:01:01:01 => After: HLA_B*38:01:01G
Before: HLA_B*40:01:01 => After: HLA_B*40:01:01G
Before: HLA_B*40:02:01:01 => After: HLA_B*40:02:01G
Before: HLA_B*44:02:01:01 => After: HLA_B*44:02:01G
Before: HLA_B*44:03:01:01 => After: HLA_B*44:03:01G
Before: HLA_B*49:01:01:01 => After: HLA_B*49:01:01G
Before: HLA_B*50:01:01:01 => After: HLA_B*50:01:01G
Before: HLA_B*51:01:01:01 => After: HLA_B*51:01:01G
Before: HLA_B*52:01:01:01 => After: HLA_B*52:01:01G
Before: HLA_B*55:01:01 => After: HLA_B*55:01:01G
Before: HLA_B*56:01:01:01 => After: HLA_B*56:01:01G
Before: HLA_B*57:01:01:01 => After: HLA_B*57:01:01G
Before: HLA_B*58:01:01:01 => After: HLA_B*58:01:01G
Before: HLA_DRB1*01:01:01 => After: HLA_DRB1*01:01:01G
Before: HLA_DRB1*03:01:01:01 => After: HLA_DRB1*03:01:01G
Before: HLA_DRB1*04:01:01:01 => After: HLA_DRB1*04:01:01G
Before: HLA_DRB1*04:03:01:01 => After: HLA_DRB1*04:03:01G
Before: HLA_DRB1*04:05:01:01 => After: HLA_DRB1*04:05:01G
Before: HLA_DRB1*04:07:01:01 => After: HLA_DRB1*04:07:01G
Before: HLA_DRB1*07:01:01:01 => After: HLA_DRB1*07:01:01G
Before: HLA_DRB1*08:01:01 => After: HLA_DRB1*08:01:01G
Before: HLA_DRB1*10:01:01:01 => After: HLA_DRB1*10:01:01G
Before: HLA_DRB1*11:01:01:01 => After: HLA_DRB1*11:01:01G
Before: HLA_DRB1*11:04:01 => After: HLA_DRB1*11:04:01G
Before: HLA_DRB1*12:01:01:01 => After: HLA_DRB1*12:01:01G
Before: HLA_DRB1*13:01:01:01 => After: HLA_DRB1*13:01:01G
Before: HLA_DRB1*13:02:01:01 => After: HLA_DRB1*13:02:01G
Before: HLA_DRB1*13:03:01 => After: HLA_DRB1*13:03:01G
Before: HLA_DRB1*14:01:01 => After: HLA_DRB1*14:01:01G
Before: HLA_DRB1*15:01:01:01 => After: HLA_DRB1*15:01:01G
Before: HLA_DRB1*15:02:01:01 => After: HLA_DRB1*15:02:01G
Before: HLA_DQA1*01:01:01:01 => After: HLA_DQA1*01:01:01G
Before: HLA_DQA1*01:02:01:01 => After: HLA_DQA1*01:02:01G
Before: HLA_DQA1*01:03:01:01 => After: HLA_DQA1*01:03:01G
Before: HLA_DQA1*02:01:01:01 => After: HLA_DQA1*02:01:01G
Before: HLA_DQA1*03:01:01 => After: HLA_DQA1*03:01:01G
Before: HLA_DQA1*04:01:01:01 => After: HLA_DQA1*04:01:01G
Before: HLA_DQA1*05:01:01:01 => After: HLA_DQA1*05:01:01G
Before: HLA_DQB1*02:01:01 => After: HLA_DQB1*02:01:01G
Before: HLA_DQB1*03:01:01:01 => After: HLA_DQB1*03:01:01G
Before: HLA_DQB1*03:02:01:01 => After: HLA_DQB1*03:02:01G
Before: HLA_DQB1*03:03:02:01 => After: HLA_DQB1*03:03:02G
Before: HLA_DQB1*03:05:01 => After: HLA_DQB1*03:05:01G
Before: HLA_DQB1*04:02:01:01 => After: HLA_DQB1*04:02:01G
Before: HLA_DQB1*05:01:01:01 => After: HLA_DQB1*05:01:01G
Before: HLA_DQB1*05:02:01:01 => After: HLA_DQB1*05:02:01G
Before: HLA_DQB1*05:03:01:01 => After: HLA_DQB1*05:03:01G
Before: HLA_DQB1*06:01:01:01 => After: HLA_DQB1*06:01:01G
Before: HLA_DQB1*06:02:01:01 => After: HLA_DQB1*06:02:01G
Before: HLA_DQB1*06:03:01:01 => After: HLA_DQB1*06:03:01G
Before: HLA_DQB1*06:04:01 => After: HLA_DQB1*06:04:01G
Before: HLA_DQB1*06:09:01:01 => After: HLA_DQB1*06:09:01G
