<Given arguments from HATK_manhattn.>
 [1] "HLAManhattan/example/1958BC+HM_CEU_REF.IMPUTED.assoc.logistic"
 [2] "MyManhattan/1958BC+HM_CEU_REF.IMPUTED"                        
 [3] "15"                                                           
 [4] "\\#FF0000"                                                    
 [5] "29.60E6"                                                      
 [6] "33.2E6"                                                       
 [7] "rs3130375"                                                    
 [8] "10"                                                           
 [9] "10"                                                           
[10] "HLAManhattan/data/known_genes/known_genes_chr6.hg18.txt"      
[11] "HLAManhattan/src"                                             

( 1 )
[1] "HLAManhattan/example/1958BC+HM_CEU_REF.IMPUTED.assoc.logistic"
[1] "rs3130375"
[1] 10
[1] "HLA-A"    "30018309" "30021633" "3324"     "#00ab34" 
[1] "HLA-C"    "31344507" "31347834" "3327"     "#c800a0" 
[1] "HLA-B"    "31429627" "31432968" "3341"     "#7100c8" 
[1] "HLA-DRB1" "32654524" "32665540" "11016"    "#c80000" 
[1] "HLA-DQA1" "32713160" "32719407" "6247"     "#567200" 
[1] "HLA-DQB1" "32735634" "32742444" "6810"     "#ecbd00" 
[1] "HLA-DPA1" "33140771" "33149356" "8585"     "#FF0000" 
[1] "HLA-DPB1" "33151737" "33162954" "11217"    "#0033F2" 
null device 
          1 
<Manhattan Plotting done.>
